\BOOKMARK [0][-]{chapter.1}{Remerciements}{}% 1
\BOOKMARK [0][-]{chapter*.1}{Introduction}{}% 2
\BOOKMARK [0][-]{chapter*.1}{Introduction}{}% 3
\BOOKMARK [-1][-]{part.1}{I Analyse strat\351gique de l'entreprise}{}% 4
\BOOKMARK [-1][-]{part.2}{II L'histoire de la monnaie}{}% 5
\BOOKMARK [0][-]{chapter.2}{Avant la monnaie}{part.2}% 6
\BOOKMARK [1][-]{section.2.1}{Premi\350re section du chapitre}{chapter.2}% 7
\BOOKMARK [2][-]{subsection.2.1.1}{Premi\350re sous-section}{section.2.1}% 8
\BOOKMARK [2][-]{subsection.2.1.2}{Deuxi\350me sous-section}{section.2.1}% 9
\BOOKMARK [0][-]{chapter.3}{Les monnaies primitives}{part.2}% 10
\BOOKMARK [1][-]{section.3.1}{Premi\350re section du chapitre}{chapter.3}% 11
\BOOKMARK [2][-]{subsection.3.1.1}{Premi\350re sous-section}{section.3.1}% 12
\BOOKMARK [2][-]{subsection.3.1.2}{Deuxi\350me sous-section}{section.3.1}% 13
\BOOKMARK [-1][-]{part.3}{III L'histoire du digital et des crypyo-anarchiste}{}% 14
\BOOKMARK [-1][-]{part.4}{IV Les cypto-monnaie \046 le Bitcoin}{}% 15
\BOOKMARK [-1][-]{part.5}{V Le fonctionnement du Bitcoin}{}% 16
\BOOKMARK [0][-]{chapter.4}{Fonctionnement}{part.5}% 17
\BOOKMARK [0][-]{chapter.5}{Le r\351seau des mineurs}{part.5}% 18
\BOOKMARK [0][-]{chapter.6}{Le blockchain}{part.5}% 19
\BOOKMARK [0][-]{chapter.7}{Le hash}{part.5}% 20
\BOOKMARK [-1][-]{part.6}{VI L'utilisation du Bitcoin}{}% 21
\BOOKMARK [0][-]{chapter.8}{Le paiement en Bitcoin}{part.6}% 22
\BOOKMARK [0][-]{chapter.9}{Les enjeux du Bitcoin}{part.6}% 23
\BOOKMARK [0][-]{chapter.10}{Les Altcoins}{part.6}% 24
\BOOKMARK [-1][-]{part.7}{VII Le Bictoin, une bulle ?}{}% 25
\BOOKMARK [0][-]{chapter*.3}{Bibliographie}{part.7}% 26
